<?xml version="1.0" encoding="UTF-8" standalone="no"?>
<testng-results failed="0" passed="1" skipped="0" total="1">
    <suite duration-ms="43040" name="io.cucumber.core.plugin.TestNGFormatter">
        <test duration-ms="43040" name="io.cucumber.core.plugin.TestNGFormatter">
            <class name="Discover GCP policy names (throwaway)">
                <test-method duration-ms="42599" finished-at="2026-07-05T17:03:44.879239Z" name="Dump GCP policies" started-at="2026-07-05T17:03:02.249805Z" status="PASS"/>
            </class>
        </test>
    </suite>
</testng-results>
